<?xml version="1.0" encoding="UTF-8"?>
<!-- Generated by org.testng.reporters.JUnitReportReporter -->
<testsuite hostname="EPBYMINW5982" name="com.epam.testngtask.CalculatorTest" tests="5" failures="1" timestamp="20 Jan 2017 09:14:51 GMT" time="4.095" errors="0">
  <testcase name="testDiv" time="0.009" classname="com.epam.testngtask.CalculatorTest"/>
  <testcase name="sumCheck" time="0.027" classname="com.epam.testngtask.CalculatorTest"/>
  <testcase name="sumCheck" time="0.000" classname="com.epam.testngtask.CalculatorTest">
    <failure type="java.lang.AssertionError" message="expected [-90] but found [110]">
      <![CDATA[java.lang.AssertionError: expected [-90] but found [110]
	at org.testng.Assert.fail(Assert.java:94)
	at org.testng.Assert.failNotEquals(Assert.java:496)
	at org.testng.Assert.assertEquals(Assert.java:125)
	at org.testng.Assert.assertEquals(Assert.java:267)
	at org.testng.Assert.assertEquals(Assert.java:277)
	at com.epam.testngtask.CalculatorTest.sumCheck(CalculatorTest.java:88)
	at sun.reflect.NativeMethodAccessorImpl.invoke0(Native Method)
	at sun.reflect.NativeMethodAccessorImpl.invoke(NativeMethodAccessorImpl.java:62)
	at sun.reflect.DelegatingMethodAccessorImpl.invoke(DelegatingMethodAccessorImpl.java:43)
	at java.lang.reflect.Method.invoke(Method.java:498)
	at org.testng.internal.MethodInvocationHelper.invokeMethod(MethodInvocationHelper.java:85)
	at org.testng.internal.Invoker.invokeMethod(Invoker.java:639)
	at org.testng.internal.Invoker.invokeTestMethod(Invoker.java:816)
	at org.testng.internal.Invoker.invokeTestMethods(Invoker.java:1124)
	at org.testng.internal.TestMethodWorker.invokeTestMethods(TestMethodWorker.java:125)
	at org.testng.internal.TestMethodWorker.run(TestMethodWorker.java:108)
	at java.util.concurrent.ThreadPoolExecutor.runWorker(ThreadPoolExecutor.java:1142)
	at java.util.concurrent.ThreadPoolExecutor$Worker.run(ThreadPoolExecutor.java:617)
	at java.lang.Thread.run(Thread.java:745)
]]>
    </failure>
  </testcase> <!-- sumCheck -->
  <testcase name="testSqrt" time="2.023" classname="com.epam.testngtask.CalculatorTest"/>
  <testcase name="testSin" time="2.036" classname="com.epam.testngtask.CalculatorTest"/>
</testsuite> <!-- com.epam.testngtask.CalculatorTest -->
